# JRE version: OpenJDK Runtime Environment Temurin-21.0.4+7 (21.0.4+7) (build 21.0.4+7-LTS)
# Java VM: OpenJDK 64-Bit Server VM Temurin-21.0.4+7 (21.0.4+7-LTS, mixed mode, emulated-client, tiered, compressed oops, compressed class ptrs, g1 gc, windows-amd64)
GC Precious Log:
 CardTable entry size: 512
 Card Set container configuration: InlinePtr #cards 4 size 8 Array Of Cards #cards 16 size 48 Howl #buckets 8 coarsen threshold 3686 Howl Bitmap #cards 512 size 80 coarsen threshold 460 Card regions per heap region 1 cards per card region 4096
 CPUs: 12 total, 12 available
 Memory: 15761M
 Large Page Support: Disabled
 NUMA Support: Disabled
 Compressed Oops: Enabled (Zero based)
 Heap Region Size: 2M
 Heap Min Capacity: 8M
 Heap Initial Capacity: 248M
 Heap Max Capacity: 3942M
 Pre-touch: Disabled
 Parallel Workers: 10
 Concurrent Workers: 3
 Concurrent Refinement Workers: 10
 Periodic GC: Disabled
Heap:
 garbage-first heap   total 90112K, used 74044K [0x0000000709a00000, 0x0000000800000000)
  region size 2048K, 26 young (53248K), 1 survivors (2048K)
 Metaspace       used 52648K, committed 53312K, reserved 1114112K
  class space    used 6571K, committed 6848K, reserved 1048576K
GC Heap History (20 events):
Event: 2099.602 GC heap after
{Heap after GC invocations=30 (full 2):
 garbage-first heap   total 55296K, used 23191K [0x0000000709a00000, 0x0000000800000000)
  region size 2048K, 2 young (4096K), 2 survivors (4096K)
 Metaspace       used 49386K, committed 49984K, reserved 1114112K
  class space    used 6134K, committed 6400K, reserved 1048576K
}
Event: 2099.629 GC heap before
{Heap before GC invocations=30 (full 2):
 garbage-first heap   total 55296K, used 25239K [0x0000000709a00000, 0x0000000800000000)
  region size 2048K, 4 young (8192K), 2 survivors (4096K)
 Metaspace       used 50292K, committed 50880K, reserved 1114112K
  class space    used 6237K, committed 6528K, reserved 1048576K
}
Event: 2099.631 GC heap after
{Heap after GC invocations=31 (full 2):
 garbage-first heap   total 55296K, used 22501K [0x0000000709a00000, 0x0000000800000000)
  region size 2048K, 1 young (2048K), 1 survivors (2048K)
 Metaspace       used 50292K, committed 50880K, reserved 1114112K
  class space    used 6237K, committed 6528K, reserved 1048576K
}
Event: 2124.314 GC heap before
{Heap before GC invocations=32 (full 2):
 garbage-first heap   total 55296K, used 42981K [0x0000000709a00000, 0x0000000800000000)
  region size 2048K, 12 young (24576K), 1 survivors (2048K)
 Metaspace       used 52637K, committed 53184K, reserved 1114112K
  class space    used 6569K, committed 6848K, reserved 1048576K
}
Event: 2124.316 GC heap after
{Heap after GC invocations=33 (full 2):
 garbage-first heap   total 55296K, used 23899K [0x0000000709a00000, 0x0000000800000000)
  region size 2048K, 2 young (4096K), 2 survivors (4096K)
 Metaspace       used 52637K, committed 53184K, reserved 1114112K
  class space    used 6569K, committed 6848K, reserved 1048576K
}
Event: 2124.472 GC heap before
{Heap before GC invocations=33 (full 2):
 garbage-first heap   total 55296K, used 44379K [0x0000000709a00000, 0x0000000800000000)
  region size 2048K, 12 young (24576K), 2 survivors (4096K)
 Metaspace       used 52644K, committed 53248K, reserved 1114112K
  class space    used 6570K, committed 6848K, reserved 1048576K
}
Event: 2124.474 GC heap after
{Heap after GC invocations=34 (full 2):
 garbage-first heap   total 55296K, used 24587K [0x0000000709a00000, 0x0000000800000000)
  region size 2048K, 2 young (4096K), 2 survivors (4096K)
 Metaspace       used 52644K, committed 53248K, reserved 1114112K
  class space    used 6570K, committed 6848K, reserved 1048576K
}
Event: 2182.870 GC heap before
{Heap before GC invocations=34 (full 2):
 garbage-first heap   total 55296K, used 45067K [0x0000000709a00000, 0x0000000800000000)
  region size 2048K, 12 young (24576K), 2 survivors (4096K)
 Metaspace       used 52697K, committed 53312K, reserved 1114112K
  class space    used 6578K, committed 6848K, reserved 1048576K
}
Event: 2182.872 GC heap after
{Heap after GC invocations=35 (full 2):
 garbage-first heap   total 55296K, used 24736K [0x0000000709a00000, 0x0000000800000000)
  region size 2048K, 2 young (4096K), 2 survivors (4096K)
 Metaspace       used 52697K, committed 53312K, reserved 1114112K
  class space    used 6578K, committed 6848K, reserved 1048576K
}
Event: 2291.667 GC heap before
{Heap before GC invocations=35 (full 2):
 garbage-first heap   total 55296K, used 43168K [0x0000000709a00000, 0x0000000800000000)
  region size 2048K, 11 young (22528K), 2 survivors (4096K)
 Metaspace       used 52697K, committed 53312K, reserved 1114112K
  class space    used 6578K, committed 6848K, reserved 1048576K
}
Event: 2291.668 GC heap after
{Heap after GC invocations=36 (full 2):
 garbage-first heap   total 55296K, used 23869K [0x0000000709a00000, 0x0000000800000000)
  region size 2048K, 1 young (2048K), 1 survivors (2048K)
 Metaspace       used 52697K, committed 53312K, reserved 1114112K
  class space    used 6578K, committed 6848K, reserved 1048576K
}
Event: 2399.410 GC heap before
{Heap before GC invocations=37 (full 2):
 garbage-first heap   total 55296K, used 46397K [0x0000000709a00000, 0x0000000800000000)
  region size 2048K, 12 young (24576K), 1 survivors (2048K)
 Metaspace       used 52546K, committed 53312K, reserved 1114112K
  class space    used 6546K, committed 6848K, reserved 1048576K
}
Event: 2399.412 GC heap after
{Heap after GC invocations=38 (full 2):
 garbage-first heap   total 55296K, used 24625K [0x0000000709a00000, 0x0000000800000000)
  region size 2048K, 1 young (2048K), 1 survivors (2048K)
 Metaspace       used 52546K, committed 53312K, reserved 1114112K
  class space    used 6546K, committed 6848K, reserved 1048576K
}
Event: 2399.657 GC heap before
{Heap before GC invocations=38 (full 2):
 garbage-first heap   total 55296K, used 45105K [0x0000000709a00000, 0x0000000800000000)
  region size 2048K, 12 young (24576K), 1 survivors (2048K)
 Metaspace       used 52626K, committed 53312K, reserved 1114112K
  class space    used 6567K, committed 6848K, reserved 1048576K
}
Event: 2399.660 GC heap after
{Heap after GC invocations=39 (full 2):
 garbage-first heap   total 55296K, used 22639K [0x0000000709a00000, 0x0000000800000000)
  region size 2048K, 2 young (4096K), 2 survivors (4096K)
 Metaspace       used 52626K, committed 53312K, reserved 1114112K
  class space    used 6567K, committed 6848K, reserved 1048576K
}
Event: 2523.561 GC heap before
{Heap before GC invocations=39 (full 2):
 garbage-first heap   total 55296K, used 45167K [0x0000000709a00000, 0x0000000800000000)
  region size 2048K, 13 young (26624K), 2 survivors (4096K)
 Metaspace       used 52643K, committed 53312K, reserved 1114112K
  class space    used 6570K, committed 6848K, reserved 1048576K
}
Event: 2523.563 GC heap after
{Heap after GC invocations=40 (full 2):
 garbage-first heap   total 155648K, used 23281K [0x0000000709a00000, 0x0000000800000000)
  region size 2048K, 1 young (2048K), 1 survivors (2048K)
 Metaspace       used 52643K, committed 53312K, reserved 1114112K
  class space    used 6570K, committed 6848K, reserved 1048576K
}
Event: 2827.144 GC heap before
{Heap before GC invocations=41 (full 2):
 garbage-first heap   total 90112K, used 74481K [0x0000000709a00000, 0x0000000800000000)
  region size 2048K, 26 young (53248K), 1 survivors (2048K)
 Metaspace       used 52643K, committed 53312K, reserved 1114112K
  class space    used 6570K, committed 6848K, reserved 1048576K
}
Event: 2827.144 GC heap after
{Heap after GC invocations=42 (full 2):
 garbage-first heap   total 90112K, used 22844K [0x0000000709a00000, 0x0000000800000000)
  region size 2048K, 1 young (2048K), 1 survivors (2048K)
 Metaspace       used 52643K, committed 53312K, reserved 1114112K
  class space    used 6570K, committed 6848K, reserved 1048576K
}
Event: 3127.574 GC heap before
{Heap before GC invocations=42 (full 2):
 garbage-first heap   total 90112K, used 74044K [0x0000000709a00000, 0x0000000800000000)
  region size 2048K, 26 young (53248K), 1 survivors (2048K)
 Metaspace       used 52648K, committed 53312K, reserved 1114112K
  class space    used 6571K, committed 6848K, reserved 1048576K
}

